<?xml version="1.0" encoding="utf-8"?><testsuites name="pytest tests"><testsuite name="pytest" errors="0" failures="0" skipped="0" tests="10" time="5.690" timestamp="2026-03-11T00:12:59.512325+00:00" hostname="agent-env-cc056339-1c61-445f-96a7-61370b175fc0"><testcase classname="backend.tests.test_match_auto_results.TestAutoCreateResultsFromFinal" name="test_create_final_match_auto_creates_results" time="1.591" /><testcase classname="backend.tests.test_match_auto_results.TestAutoCreateResultsFromSemiFinal" name="test_create_semifinal_match_auto_creates_results" time="2.524" /><testcase classname="backend.tests.test_match_auto_results.TestRankingsLastMatch" name="test_rankings_include_last_match" time="0.140" /><testcase classname="backend.tests.test_match_auto_results.TestPlayerDetailsLastMatch" name="test_player_details_include_last_match" time="0.261" /><testcase classname="backend.tests.test_match_auto_results.TestRankingConfigUnchanged" name="test_ranking_config_exists" time="0.170" /><testcase classname="backend.tests.test_match_auto_results.TestRankingConfigUnchanged" name="test_rankings_points_consistent" time="0.124" /><testcase classname="backend.tests.test_match_auto_results.TestScoreFormatting" name="test_match_score_format_in_tournament_matches" time="0.234" /><testcase classname="backend.tests.test_match_auto_results.TestHealthAndBasics" name="test_api_health" time="0.293" /><testcase classname="backend.tests.test_match_auto_results.TestHealthAndBasics" name="test_players_endpoint" time="0.172" /><testcase classname="backend.tests.test_match_auto_results.TestHealthAndBasics" name="test_tournaments_endpoint" time="0.126" /></testsuite></testsuites>